[ 2024-07-09 14:21:24,727 ] 26 root - INFO - Entered the start_data_ingestion method of TrainPipeline class
[ 2024-07-09 14:21:24,727 ] 27 root - INFO - Getting the data from URL
[ 2024-07-09 14:21:24,728 ] 18 root - INFO - Initialising DataIngestionConfig class from config_entity.py
[ 2024-07-09 14:21:24,728 ] 71 root - INFO - Entered initiate_data_ingestion method of Data_Ingestion class
[ 2024-07-09 14:21:24,728 ] 31 root - INFO - Entered fn: download_data of class DataIngestion
[ 2024-07-09 14:21:24,729 ] 40 root - INFO - Downloading data from https://drive.google.com/file/d/1dpyiJNgiC3PYOSmh9sFx4V-RUurGQeqc/view?usp=sharing into file artifacts\07_09_2024_14_21_24\data_ingestion\1dpyiJNgiC3PYOSmh9sFx4V-RUurGQeqc.zip
[ 2024-07-09 14:21:43,890 ] 42 root - INFO - Downloaded data from https://drive.google.com/file/d/1dpyiJNgiC3PYOSmh9sFx4V-RUurGQeqc/view?usp=sharing into filr artifacts\07_09_2024_14_21_24\data_ingestion\1dpyiJNgiC3PYOSmh9sFx4V-RUurGQeqc.zip
[ 2024-07-09 14:21:43,891 ] 56 root - INFO - Extracting zip file: artifacts\07_09_2024_14_21_24\data_ingestion\1dpyiJNgiC3PYOSmh9sFx4V-RUurGQeqc.zip into dir: artifacts\07_09_2024_14_21_24\data_ingestion\feature_store
[ 2024-07-09 14:22:47,704 ] 81 root - INFO - Exited initiate_data_ingestion method of Data_Ingestion class
[ 2024-07-09 14:22:47,704 ] 82 root - INFO - Data ingestion artifact: DataIngestionArtifact(data_zip_file_path='artifacts\\07_09_2024_14_21_24\\data_ingestion\\1dpyiJNgiC3PYOSmh9sFx4V-RUurGQeqc.zip', feature_store_path='artifacts\\07_09_2024_14_21_24\\data_ingestion\\feature_store')
[ 2024-07-09 14:22:47,704 ] 34 root - INFO - Got the data from URL
[ 2024-07-09 14:22:47,704 ] 35 root - INFO - Exited the start_data_ingestion method of TrainPipeline class
[ 2024-07-09 14:22:47,705 ] 47 root - INFO - Entered the fn:start_data_validation of TrainPipeline class
[ 2024-07-09 14:22:47,705 ] 55 root - INFO - Entered fn:initiate_data_validation of data validation class
[ 2024-07-09 14:22:47,705 ] 32 root - INFO - Checking the existing file and validating the required file in artifacts\07_09_2024_14_21_24\data_ingestion\feature_store
[ 2024-07-09 14:22:47,710 ] 61 root - INFO - Exiting fn:initiate_data_validation of DataValidation class
[ 2024-07-09 14:22:47,710 ] 62 root - INFO - Data validation artifact:DataValidationArtifact(validation_status=True)
[ 2024-07-09 14:22:51,417 ] 56 root - INFO - performed the data validation operation
[ 2024-07-09 14:22:51,418 ] 57 root - INFO - Exiting the fn:start_data_validation of TrainPipeline class
[ 2024-07-09 14:22:51,418 ] 19 root - INFO - Entered fn:initiate_model_trainer of ModelTrainer class
[ 2024-07-09 14:22:51,418 ] 21 root - INFO - Unziping data
[ 2024-07-09 14:22:51,581 ] 60 root - INFO - Exception occured in fn:initiate_model_trainer of ModelTrainer class
