[ 2024-07-10 17:57:44,981 ] 97 werkzeug - INFO - [31m[1mWARNING: This is a development server. Do not use it in a production deployment. Use a production WSGI server instead.[0m
 * Running on all addresses (0.0.0.0)
 * Running on http://127.0.0.1:8080
 * Running on http://192.168.9.181:8080
[ 2024-07-10 17:57:44,982 ] 97 werkzeug - INFO - [33mPress CTRL+C to quit[0m
[ 2024-07-10 17:58:51,222 ] 838 app - ERROR - Exception on / [GET]
Traceback (most recent call last):
  File "D:\my stuff.dll\New Courses\DeepLearning\Computer_vision_project\Sign_language_Using_object_detection_YOLO_V5\venv\lib\site-packages\flask\app.py", line 1473, in wsgi_app
    response = self.full_dispatch_request()
  File "D:\my stuff.dll\New Courses\DeepLearning\Computer_vision_project\Sign_language_Using_object_detection_YOLO_V5\venv\lib\site-packages\flask\app.py", line 882, in full_dispatch_request
    rv = self.handle_user_exception(e)
  File "D:\my stuff.dll\New Courses\DeepLearning\Computer_vision_project\Sign_language_Using_object_detection_YOLO_V5\venv\lib\site-packages\flask_cors\extension.py", line 178, in wrapped_function
    return cors_after_request(app.make_response(f(*args, **kwargs)))
  File "D:\my stuff.dll\New Courses\DeepLearning\Computer_vision_project\Sign_language_Using_object_detection_YOLO_V5\venv\lib\site-packages\flask\app.py", line 880, in full_dispatch_request
    rv = self.dispatch_request()
  File "D:\my stuff.dll\New Courses\DeepLearning\Computer_vision_project\Sign_language_Using_object_detection_YOLO_V5\venv\lib\site-packages\flask\app.py", line 865, in dispatch_request
    return self.ensure_sync(self.view_functions[rule.endpoint])(**view_args)  # type: ignore[no-any-return]
  File "app.py", line 21, in home
    return render_template("index.html")
  File "D:\my stuff.dll\New Courses\DeepLearning\Computer_vision_project\Sign_language_Using_object_detection_YOLO_V5\venv\lib\site-packages\flask\templating.py", line 149, in render_template
    template = app.jinja_env.get_or_select_template(template_name_or_list)
  File "D:\my stuff.dll\New Courses\DeepLearning\Computer_vision_project\Sign_language_Using_object_detection_YOLO_V5\venv\lib\site-packages\jinja2\environment.py", line 1084, in get_or_select_template
    return self.get_template(template_name_or_list, parent, globals)
  File "D:\my stuff.dll\New Courses\DeepLearning\Computer_vision_project\Sign_language_Using_object_detection_YOLO_V5\venv\lib\site-packages\jinja2\environment.py", line 1013, in get_template
    return self._load_template(name, globals)
  File "D:\my stuff.dll\New Courses\DeepLearning\Computer_vision_project\Sign_language_Using_object_detection_YOLO_V5\venv\lib\site-packages\jinja2\environment.py", line 972, in _load_template
    template = self.loader.load(self, name, self.make_globals(globals))
  File "D:\my stuff.dll\New Courses\DeepLearning\Computer_vision_project\Sign_language_Using_object_detection_YOLO_V5\venv\lib\site-packages\jinja2\loaders.py", line 126, in load
    source, filename, uptodate = self.get_source(environment, name)
  File "D:\my stuff.dll\New Courses\DeepLearning\Computer_vision_project\Sign_language_Using_object_detection_YOLO_V5\venv\lib\site-packages\flask\templating.py", line 65, in get_source
    return self._get_source_fast(environment, template)
  File "D:\my stuff.dll\New Courses\DeepLearning\Computer_vision_project\Sign_language_Using_object_detection_YOLO_V5\venv\lib\site-packages\flask\templating.py", line 99, in _get_source_fast
    raise TemplateNotFound(template)
jinja2.exceptions.TemplateNotFound: index.html
[ 2024-07-10 17:58:51,230 ] 97 werkzeug - INFO - 127.0.0.1 - - [10/Jul/2024 17:58:51] "[35m[1mGET / HTTP/1.1[0m" 500 -
[ 2024-07-10 17:58:51,411 ] 97 werkzeug - INFO - 127.0.0.1 - - [10/Jul/2024 17:58:51] "[33mGET /favicon.ico HTTP/1.1[0m" 404 -
[ 2024-07-10 17:59:04,383 ] 838 app - ERROR - Exception on / [GET]
Traceback (most recent call last):
  File "D:\my stuff.dll\New Courses\DeepLearning\Computer_vision_project\Sign_language_Using_object_detection_YOLO_V5\venv\lib\site-packages\flask\app.py", line 1473, in wsgi_app
    response = self.full_dispatch_request()
  File "D:\my stuff.dll\New Courses\DeepLearning\Computer_vision_project\Sign_language_Using_object_detection_YOLO_V5\venv\lib\site-packages\flask\app.py", line 882, in full_dispatch_request
    rv = self.handle_user_exception(e)
  File "D:\my stuff.dll\New Courses\DeepLearning\Computer_vision_project\Sign_language_Using_object_detection_YOLO_V5\venv\lib\site-packages\flask_cors\extension.py", line 178, in wrapped_function
    return cors_after_request(app.make_response(f(*args, **kwargs)))
  File "D:\my stuff.dll\New Courses\DeepLearning\Computer_vision_project\Sign_language_Using_object_detection_YOLO_V5\venv\lib\site-packages\flask\app.py", line 880, in full_dispatch_request
    rv = self.dispatch_request()
  File "D:\my stuff.dll\New Courses\DeepLearning\Computer_vision_project\Sign_language_Using_object_detection_YOLO_V5\venv\lib\site-packages\flask\app.py", line 865, in dispatch_request
    return self.ensure_sync(self.view_functions[rule.endpoint])(**view_args)  # type: ignore[no-any-return]
  File "app.py", line 21, in home
    return render_template("index.html")
  File "D:\my stuff.dll\New Courses\DeepLearning\Computer_vision_project\Sign_language_Using_object_detection_YOLO_V5\venv\lib\site-packages\flask\templating.py", line 149, in render_template
    template = app.jinja_env.get_or_select_template(template_name_or_list)
  File "D:\my stuff.dll\New Courses\DeepLearning\Computer_vision_project\Sign_language_Using_object_detection_YOLO_V5\venv\lib\site-packages\jinja2\environment.py", line 1084, in get_or_select_template
    return self.get_template(template_name_or_list, parent, globals)
  File "D:\my stuff.dll\New Courses\DeepLearning\Computer_vision_project\Sign_language_Using_object_detection_YOLO_V5\venv\lib\site-packages\jinja2\environment.py", line 1013, in get_template
    return self._load_template(name, globals)
  File "D:\my stuff.dll\New Courses\DeepLearning\Computer_vision_project\Sign_language_Using_object_detection_YOLO_V5\venv\lib\site-packages\jinja2\environment.py", line 972, in _load_template
    template = self.loader.load(self, name, self.make_globals(globals))
  File "D:\my stuff.dll\New Courses\DeepLearning\Computer_vision_project\Sign_language_Using_object_detection_YOLO_V5\venv\lib\site-packages\jinja2\loaders.py", line 126, in load
    source, filename, uptodate = self.get_source(environment, name)
  File "D:\my stuff.dll\New Courses\DeepLearning\Computer_vision_project\Sign_language_Using_object_detection_YOLO_V5\venv\lib\site-packages\flask\templating.py", line 65, in get_source
    return self._get_source_fast(environment, template)
  File "D:\my stuff.dll\New Courses\DeepLearning\Computer_vision_project\Sign_language_Using_object_detection_YOLO_V5\venv\lib\site-packages\flask\templating.py", line 99, in _get_source_fast
    raise TemplateNotFound(template)
jinja2.exceptions.TemplateNotFound: index.html
[ 2024-07-10 17:59:04,390 ] 97 werkzeug - INFO - 127.0.0.1 - - [10/Jul/2024 17:59:04] "[35m[1mGET / HTTP/1.1[0m" 500 -
[ 2024-07-10 18:01:24,105 ] 97 werkzeug - INFO - 127.0.0.1 - - [10/Jul/2024 18:01:24] "GET / HTTP/1.1" 200 -
