[ 2024-07-09 18:40:20,644 ] 26 root - INFO - Entered the start_data_ingestion method of TrainPipeline class
[ 2024-07-09 18:40:20,645 ] 27 root - INFO - Getting the data from URL
[ 2024-07-09 18:40:20,645 ] 18 root - INFO - Initialising DataIngestionConfig class from config_entity.py
[ 2024-07-09 18:40:20,645 ] 71 root - INFO - Entered initiate_data_ingestion method of Data_Ingestion class
[ 2024-07-09 18:40:20,645 ] 31 root - INFO - Entered fn: download_data of class DataIngestion
[ 2024-07-09 18:40:20,646 ] 40 root - INFO - Downloading data from https://drive.google.com/file/d/1dpyiJNgiC3PYOSmh9sFx4V-RUurGQeqc/view?usp=sharing into file artifacts\07_09_2024_18_40_20\data_ingestion\1dpyiJNgiC3PYOSmh9sFx4V-RUurGQeqc.zip
[ 2024-07-09 18:40:47,070 ] 42 root - INFO - Downloaded data from https://drive.google.com/file/d/1dpyiJNgiC3PYOSmh9sFx4V-RUurGQeqc/view?usp=sharing into filr artifacts\07_09_2024_18_40_20\data_ingestion\1dpyiJNgiC3PYOSmh9sFx4V-RUurGQeqc.zip
[ 2024-07-09 18:40:47,071 ] 56 root - INFO - Extracting zip file: artifacts\07_09_2024_18_40_20\data_ingestion\1dpyiJNgiC3PYOSmh9sFx4V-RUurGQeqc.zip into dir: artifacts\07_09_2024_18_40_20\data_ingestion\feature_store
[ 2024-07-09 18:41:41,766 ] 81 root - INFO - Exited initiate_data_ingestion method of Data_Ingestion class
[ 2024-07-09 18:41:41,766 ] 82 root - INFO - Data ingestion artifact: DataIngestionArtifact(data_zip_file_path='artifacts\\07_09_2024_18_40_20\\data_ingestion\\1dpyiJNgiC3PYOSmh9sFx4V-RUurGQeqc.zip', feature_store_path='artifacts\\07_09_2024_18_40_20\\data_ingestion\\feature_store')
[ 2024-07-09 18:41:41,766 ] 34 root - INFO - Got the data from URL
[ 2024-07-09 18:41:41,767 ] 35 root - INFO - Exited the start_data_ingestion method of TrainPipeline class
[ 2024-07-09 18:41:41,767 ] 47 root - INFO - Entered the fn:start_data_validation of TrainPipeline class
[ 2024-07-09 18:41:41,767 ] 55 root - INFO - Entered fn:initiate_data_validation of data validation class
[ 2024-07-09 18:41:41,768 ] 32 root - INFO - Checking the existing file and validating the required file in artifacts\07_09_2024_18_40_20\data_ingestion\feature_store
[ 2024-07-09 18:41:41,776 ] 61 root - INFO - Exiting fn:initiate_data_validation of DataValidation class
[ 2024-07-09 18:41:41,776 ] 62 root - INFO - Data validation artifact:DataValidationArtifact(validation_status=True)
[ 2024-07-09 18:41:43,243 ] 56 root - INFO - performed the data validation operation
[ 2024-07-09 18:41:43,244 ] 57 root - INFO - Exiting the fn:start_data_validation of TrainPipeline class
[ 2024-07-09 18:41:43,244 ] 19 root - INFO - Entered fn:initiate_model_trainer of ModelTrainer class
[ 2024-07-09 18:41:43,244 ] 21 root - INFO - Unziping data
[ 2024-07-09 18:49:54,473 ] 61 root - INFO - Exception occured in fn:initiate_model_trainer of ModelTrainer class
